{"uid":"ddf924950dacc236","name":"beforeMethod","fullName":"school.redrover.runner.BaseTest.beforeMethod","historyId":"638aa8599f896c191114e422fd8e1ae1","time":{"start":1743860449679,"stop":1743860449681,"duration":2},"status":"broken","statusMessage":"java.lang.RuntimeException: java.lang.IllegalArgumentException: unsupported URI http://null:null/","statusTrace":"java.lang.RuntimeException: java.lang.RuntimeException: java.lang.IllegalArgumentException: unsupported URI http://null:null/\n\tat school.redrover.runner.BaseTest.beforeMethod(BaseTest.java:103)\n\tat java.base/jdk.internal.reflect.NativeMethodAccessorImpl.invoke0(Native Method)\n\tat java.base/jdk.internal.reflect.NativeMethodAccessorImpl.invoke(NativeMethodAccessorImpl.java:77)\n\tat java.base/jdk.internal.reflect.DelegatingMethodAccessorImpl.invoke(DelegatingMethodAccessorImpl.java:43)\n\tat java.base/java.lang.reflect.Method.invoke(Method.java:569)\n\tat org.testng.internal.invokers.MethodInvocationHelper.invokeMethod(MethodInvocationHelper.java:141)\n\tat org.testng.internal.invokers.MethodInvocationHelper.invokeMethodConsideringTimeout(MethodInvocationHelper.java:71)\n\tat org.testng.internal.invokers.ConfigInvoker.invokeConfigurationMethod(ConfigInvoker.java:400)\n\tat org.testng.internal.invokers.ConfigInvoker.invokeConfigurations(ConfigInvoker.java:333)\n\tat org.testng.internal.invokers.TestInvoker.runConfigMethods(TestInvoker.java:833)\n\tat org.testng.internal.invokers.TestInvoker.invokeMethod(TestInvoker.java:600)\n\tat org.testng.internal.invokers.TestInvoker.invokeTestMethod(TestInvoker.java:230)\n\tat org.testng.internal.invokers.MethodRunner.runInSequence(MethodRunner.java:63)\n\tat org.testng.internal.invokers.TestInvoker$MethodInvocationAgent.invoke(TestInvoker.java:992)\n\tat org.testng.internal.invokers.TestInvoker.invokeTestMethods(TestInvoker.java:203)\n\tat org.testng.internal.invokers.TestMethodWorker.invokeTestMethods(TestMethodWorker.java:154)\n\tat org.testng.internal.invokers.TestMethodWorker.run(TestMethodWorker.java:134)\n\tat java.base/java.util.ArrayList.forEach(ArrayList.java:1511)\n\tat org.testng.TestRunner.privateRun(TestRunner.java:739)\n\tat org.testng.TestRunner.run(TestRunner.java:614)\n\tat org.testng.SuiteRunner.runTest(SuiteRunner.java:421)\n\tat org.testng.SuiteRunner.runSequentially(SuiteRunner.java:413)\n\tat org.testng.SuiteRunner.privateRun(SuiteRunner.java:373)\n\tat org.testng.SuiteRunner.run(SuiteRunner.java:312)\n\tat org.testng.SuiteRunnerWorker.runSuite(SuiteRunnerWorker.java:52)\n\tat org.testng.SuiteRunnerWorker.run(SuiteRunnerWorker.java:95)\n\tat org.testng.TestNG.runSuitesSequentially(TestNG.java:1274)\n\tat org.testng.TestNG.runSuitesLocally(TestNG.java:1208)\n\tat org.testng.TestNG.runSuites(TestNG.java:1112)\n\tat org.testng.TestNG.run(TestNG.java:1079)\n\tat org.apache.maven.surefire.testng.TestNGExecutor.run(TestNGExecutor.java:155)\n\tat org.apache.maven.surefire.testng.TestNGDirectoryTestSuite.executeMulti(TestNGDirectoryTestSuite.java:169)\n\tat org.apache.maven.surefire.testng.TestNGDirectoryTestSuite.execute(TestNGDirectoryTestSuite.java:88)\n\tat org.apache.maven.surefire.testng.TestNGProvider.invoke(TestNGProvider.java:137)\n\tat org.apache.maven.surefire.booter.ForkedBooter.runSuitesInProcess(ForkedBooter.java:385)\n\tat org.apache.maven.surefire.booter.ForkedBooter.execute(ForkedBooter.java:162)\n\tat org.apache.maven.surefire.booter.ForkedBooter.run(ForkedBooter.java:507)\n\tat org.apache.maven.surefire.booter.ForkedBooter.main(ForkedBooter.java:495)\nCaused by: java.lang.RuntimeException: java.lang.IllegalArgumentException: unsupported URI http://null:null/\n\tat school.redrover.runner.JenkinsUtils.getHttp(JenkinsUtils.java:81)\n\tat school.redrover.runner.JenkinsUtils.getPage(JenkinsUtils.java:100)\n\tat school.redrover.runner.JenkinsUtils.deleteViews(JenkinsUtils.java:141)\n\tat school.redrover.runner.JenkinsUtils.clearData(JenkinsUtils.java:187)\n\tat school.redrover.runner.BaseTest.clearData(BaseTest.java:39)\n\tat school.redrover.runner.BaseTest.beforeMethod(BaseTest.java:93)\n\t... 37 more\nCaused by: java.lang.IllegalArgumentException: unsupported URI http://null:null/\n\tat java.net.http/jdk.internal.net.http.common.Utils.newIAE(Utils.java:286)\n\tat java.net.http/jdk.internal.net.http.HttpRequestBuilderImpl.checkURI(HttpRequestBuilderImpl.java:85)\n\tat java.net.http/jdk.internal.net.http.HttpRequestBuilderImpl.uri(HttpRequestBuilderImpl.java:71)\n\tat java.net.http/jdk.internal.net.http.HttpRequestBuilderImpl.uri(HttpRequestBuilderImpl.java:43)\n\tat school.redrover.runner.JenkinsUtils.getHttp(JenkinsUtils.java:75)\n\t... 42 more\n","flaky":false,"newFailed":false,"newBroken":false,"newPassed":false,"retriesCount":0,"retriesStatusChange":false,"beforeStages":[{"name":"beforeClass","time":{"start":1743860449348,"stop":1743860449354,"duration":6},"description":"","status":"passed","steps":[],"attachments":[],"parameters":[],"stepsCount":0,"attachmentsCount":0,"hasContent":false,"attachmentStep":false,"shouldDisplayMessage":false}],"afterStages":[],"labels":[{"name":"package","value":"school.redrover.SearchBoxTest"},{"name":"testClass","value":"school.redrover.SearchBoxTest"},{"name":"testMethod","value":"beforeMethod"},{"name":"parentSuite","value":"Surefire suite"},{"name":"suite","value":"Surefire test"},{"name":"subSuite","value":"school.redrover.SearchBoxTest"},{"name":"host","value":"fv-az1704-514"},{"name":"thread","value":"2817@fv-az1704-514.main(1)"},{"name":"framework","value":"testng"},{"name":"language","value":"java"},{"name":"AS_ID","value":"-1"},{"name":"resultFormat","value":"allure2"}],"parameters":[],"links":[],"hidden":false,"retry":false,"extra":{"severity":"normal","retries":[],"categories":[{"name":"Test defects","matchedStatuses":[],"flaky":false}],"history":{"statistic":{"failed":0,"broken":2,"skipped":0,"passed":0,"unknown":0,"total":2},"items":[{"uid":"13e4c21d84f35681","reportUrl":"https://tstyev.github.io/JenkinsQA_2024_fall2/146//#testresult/13e4c21d84f35681","status":"broken","statusDetails":"java.lang.RuntimeException: Authorization does not work with user: \"${{ secrets.ADMIN_USERNAME }}\" and password: \"${{ secrets.ADMIN_PASSWORD }}\"","time":{"start":1743859582855,"stop":1743859582857,"duration":2}}]},"tags":[]},"source":"ddf924950dacc236.json","parameterValues":[]}