{"uid":"78305127893879b0","name":"testVerifyTitleSearchBoxLink","fullName":"school.redrover.SearchBoxTest.testVerifyTitleSearchBoxLink","historyId":"c21c6ceaa2a4d6311d8ce42d9389e8c5","time":{"start":1743859582873,"stop":1743859582874,"duration":1},"status":"skipped","statusMessage":"java.lang.RuntimeException: Authorization does not work with user: \"${{ secrets.ADMIN_USERNAME }}\" and password: \"${{ secrets.ADMIN_PASSWORD }}\"","statusTrace":"java.lang.RuntimeException: java.lang.RuntimeException: Authorization does not work with user: \"${{ secrets.ADMIN_USERNAME }}\" and password: \"${{ secrets.ADMIN_PASSWORD }}\"\n\tat school.redrover.runner.BaseTest.beforeMethod(BaseTest.java:103)\n\tat java.base/jdk.internal.reflect.NativeMethodAccessorImpl.invoke0(Native Method)\n\tat java.base/jdk.internal.reflect.NativeMethodAccessorImpl.invoke(NativeMethodAccessorImpl.java:77)\n\tat java.base/jdk.internal.reflect.DelegatingMethodAccessorImpl.invoke(DelegatingMethodAccessorImpl.java:43)\n\tat java.base/java.lang.reflect.Method.invoke(Method.java:569)\n\tat org.testng.internal.invokers.MethodInvocationHelper.invokeMethod(MethodInvocationHelper.java:141)\n\tat org.testng.internal.invokers.MethodInvocationHelper.invokeMethodConsideringTimeout(MethodInvocationHelper.java:71)\n\tat org.testng.internal.invokers.ConfigInvoker.invokeConfigurationMethod(ConfigInvoker.java:400)\n\tat org.testng.internal.invokers.ConfigInvoker.invokeConfigurations(ConfigInvoker.java:333)\n\tat org.testng.internal.invokers.TestInvoker.runConfigMethods(TestInvoker.java:833)\n\tat org.testng.internal.invokers.TestInvoker.invokeMethod(TestInvoker.java:600)\n\tat org.testng.internal.invokers.TestInvoker.invokeTestMethod(TestInvoker.java:230)\n\tat org.testng.internal.invokers.MethodRunner.runInSequence(MethodRunner.java:63)\n\tat org.testng.internal.invokers.TestInvoker$MethodInvocationAgent.invoke(TestInvoker.java:992)\n\tat org.testng.internal.invokers.TestInvoker.invokeTestMethods(TestInvoker.java:203)\n\tat org.testng.internal.invokers.TestMethodWorker.invokeTestMethods(TestMethodWorker.java:154)\n\tat org.testng.internal.invokers.TestMethodWorker.run(TestMethodWorker.java:134)\n\tat java.base/java.util.ArrayList.forEach(ArrayList.java:1511)\n\tat org.testng.TestRunner.privateRun(TestRunner.java:739)\n\tat org.testng.TestRunner.run(TestRunner.java:614)\n\tat org.testng.SuiteRunner.runTest(SuiteRunner.java:421)\n\tat org.testng.SuiteRunner.runSequentially(SuiteRunner.java:413)\n\tat org.testng.SuiteRunner.privateRun(SuiteRunner.java:373)\n\tat org.testng.SuiteRunner.run(SuiteRunner.java:312)\n\tat org.testng.SuiteRunnerWorker.runSuite(SuiteRunnerWorker.java:52)\n\tat org.testng.SuiteRunnerWorker.run(SuiteRunnerWorker.java:95)\n\tat org.testng.TestNG.runSuitesSequentially(TestNG.java:1274)\n\tat org.testng.TestNG.runSuitesLocally(TestNG.java:1208)\n\tat org.testng.TestNG.runSuites(TestNG.java:1112)\n\tat org.testng.TestNG.run(TestNG.java:1079)\n\tat org.apache.maven.surefire.testng.TestNGExecutor.run(TestNGExecutor.java:155)\n\tat org.apache.maven.surefire.testng.TestNGDirectoryTestSuite.executeMulti(TestNGDirectoryTestSuite.java:169)\n\tat org.apache.maven.surefire.testng.TestNGDirectoryTestSuite.execute(TestNGDirectoryTestSuite.java:88)\n\tat org.apache.maven.surefire.testng.TestNGProvider.invoke(TestNGProvider.java:137)\n\tat org.apache.maven.surefire.booter.ForkedBooter.runSuitesInProcess(ForkedBooter.java:385)\n\tat org.apache.maven.surefire.booter.ForkedBooter.execute(ForkedBooter.java:162)\n\tat org.apache.maven.surefire.booter.ForkedBooter.run(ForkedBooter.java:507)\n\tat org.apache.maven.surefire.booter.ForkedBooter.main(ForkedBooter.java:495)\nCaused by: java.lang.RuntimeException: Authorization does not work with user: \"${{ secrets.ADMIN_USERNAME }}\" and password: \"${{ secrets.ADMIN_PASSWORD }}\"\n\tat school.redrover.runner.JenkinsUtils.getPage(JenkinsUtils.java:118)\n\tat school.redrover.runner.JenkinsUtils.deleteViews(JenkinsUtils.java:141)\n\tat school.redrover.runner.JenkinsUtils.clearData(JenkinsUtils.java:187)\n\tat school.redrover.runner.BaseTest.clearData(BaseTest.java:39)\n\tat school.redrover.runner.BaseTest.beforeMethod(BaseTest.java:93)\n\t... 37 more\n","flaky":false,"newFailed":false,"newBroken":false,"newPassed":false,"retriesCount":0,"retriesStatusChange":false,"beforeStages":[{"name":"beforeClass","time":{"start":1743859581774,"stop":1743859581781,"duration":7},"description":"","status":"passed","steps":[],"attachments":[],"parameters":[],"shouldDisplayMessage":false,"stepsCount":0,"attachmentsCount":0,"hasContent":false,"attachmentStep":false},{"name":"beforeMethod","time":{"start":1743859581800,"stop":1743859582725,"duration":925},"description":"","status":"broken","statusMessage":"java.lang.RuntimeException: Authorization does not work with user: \"${{ secrets.ADMIN_USERNAME }}\" and password: \"${{ secrets.ADMIN_PASSWORD }}\"","statusTrace":"java.lang.RuntimeException: java.lang.RuntimeException: Authorization does not work with user: \"${{ secrets.ADMIN_USERNAME }}\" and password: \"${{ secrets.ADMIN_PASSWORD }}\"\n\tat school.redrover.runner.BaseTest.beforeMethod(BaseTest.java:103)\n\tat java.base/jdk.internal.reflect.NativeMethodAccessorImpl.invoke0(Native Method)\n\tat java.base/jdk.internal.reflect.NativeMethodAccessorImpl.invoke(NativeMethodAccessorImpl.java:77)\n\tat java.base/jdk.internal.reflect.DelegatingMethodAccessorImpl.invoke(DelegatingMethodAccessorImpl.java:43)\n\tat java.base/java.lang.reflect.Method.invoke(Method.java:569)\n\tat org.testng.internal.invokers.MethodInvocationHelper.invokeMethod(MethodInvocationHelper.java:141)\n\tat org.testng.internal.invokers.MethodInvocationHelper.invokeMethodConsideringTimeout(MethodInvocationHelper.java:71)\n\tat org.testng.internal.invokers.ConfigInvoker.invokeConfigurationMethod(ConfigInvoker.java:400)\n\tat org.testng.internal.invokers.ConfigInvoker.invokeConfigurations(ConfigInvoker.java:333)\n\tat org.testng.internal.invokers.TestInvoker.runConfigMethods(TestInvoker.java:833)\n\tat org.testng.internal.invokers.TestInvoker.invokeMethod(TestInvoker.java:600)\n\tat org.testng.internal.invokers.TestInvoker.invokeTestMethod(TestInvoker.java:230)\n\tat org.testng.internal.invokers.MethodRunner.runInSequence(MethodRunner.java:63)\n\tat org.testng.internal.invokers.TestInvoker$MethodInvocationAgent.invoke(TestInvoker.java:992)\n\tat org.testng.internal.invokers.TestInvoker.invokeTestMethods(TestInvoker.java:203)\n\tat org.testng.internal.invokers.TestMethodWorker.invokeTestMethods(TestMethodWorker.java:154)\n\tat org.testng.internal.invokers.TestMethodWorker.run(TestMethodWorker.java:134)\n\tat java.base/java.util.ArrayList.forEach(ArrayList.java:1511)\n\tat org.testng.TestRunner.privateRun(TestRunner.java:739)\n\tat org.testng.TestRunner.run(TestRunner.java:614)\n\tat org.testng.SuiteRunner.runTest(SuiteRunner.java:421)\n\tat org.testng.SuiteRunner.runSequentially(SuiteRunner.java:413)\n\tat org.testng.SuiteRunner.privateRun(SuiteRunner.java:373)\n\tat org.testng.SuiteRunner.run(SuiteRunner.java:312)\n\tat org.testng.SuiteRunnerWorker.runSuite(SuiteRunnerWorker.java:52)\n\tat org.testng.SuiteRunnerWorker.run(SuiteRunnerWorker.java:95)\n\tat org.testng.TestNG.runSuitesSequentially(TestNG.java:1274)\n\tat org.testng.TestNG.runSuitesLocally(TestNG.java:1208)\n\tat org.testng.TestNG.runSuites(TestNG.java:1112)\n\tat org.testng.TestNG.run(TestNG.java:1079)\n\tat org.apache.maven.surefire.testng.TestNGExecutor.run(TestNGExecutor.java:155)\n\tat org.apache.maven.surefire.testng.TestNGDirectoryTestSuite.executeMulti(TestNGDirectoryTestSuite.java:169)\n\tat org.apache.maven.surefire.testng.TestNGDirectoryTestSuite.execute(TestNGDirectoryTestSuite.java:88)\n\tat org.apache.maven.surefire.testng.TestNGProvider.invoke(TestNGProvider.java:137)\n\tat org.apache.maven.surefire.booter.ForkedBooter.runSuitesInProcess(ForkedBooter.java:385)\n\tat org.apache.maven.surefire.booter.ForkedBooter.execute(ForkedBooter.java:162)\n\tat org.apache.maven.surefire.booter.ForkedBooter.run(ForkedBooter.java:507)\n\tat org.apache.maven.surefire.booter.ForkedBooter.main(ForkedBooter.java:495)\nCaused by: java.lang.RuntimeException: Authorization does not work with user: \"${{ secrets.ADMIN_USERNAME }}\" and password: \"${{ secrets.ADMIN_PASSWORD }}\"\n\tat school.redrover.runner.JenkinsUtils.getPage(JenkinsUtils.java:118)\n\tat school.redrover.runner.JenkinsUtils.deleteViews(JenkinsUtils.java:141)\n\tat school.redrover.runner.JenkinsUtils.clearData(JenkinsUtils.java:187)\n\tat school.redrover.runner.BaseTest.clearData(BaseTest.java:39)\n\tat school.redrover.runner.BaseTest.beforeMethod(BaseTest.java:93)\n\t... 37 more\n","steps":[],"attachments":[],"parameters":[],"shouldDisplayMessage":true,"stepsCount":0,"attachmentsCount":0,"hasContent":true,"attachmentStep":false}],"afterStages":[{"name":"afterMethod","time":{"start":1743859582876,"stop":1743859582876,"duration":0},"description":"","status":"broken","steps":[],"attachments":[],"parameters":[],"shouldDisplayMessage":false,"stepsCount":0,"attachmentsCount":0,"hasContent":false,"attachmentStep":false}],"labels":[{"name":"package","value":"school.redrover.SearchBoxTest"},{"name":"testClass","value":"school.redrover.SearchBoxTest"},{"name":"testMethod","value":"testVerifyTitleSearchBoxLink"},{"name":"parentSuite","value":"Surefire suite"},{"name":"suite","value":"Surefire test"},{"name":"subSuite","value":"school.redrover.SearchBoxTest"},{"name":"host","value":"fv-az1374-973"},{"name":"thread","value":"2723@fv-az1374-973.main(1)"},{"name":"framework","value":"testng"},{"name":"language","value":"java"},{"name":"resultFormat","value":"allure2"}],"parameters":[],"links":[],"hidden":false,"retry":false,"extra":{"severity":"normal","retries":[],"categories":[],"history":{"statistic":{"failed":4,"broken":0,"skipped":1,"passed":130,"unknown":0,"total":135},"items":[{"uid":"aa40ca67822621b8","reportUrl":"https://evgnick.github.io/JenkinsQA_2024_fall2/145//#testresult/aa40ca67822621b8","status":"passed","time":{"start":1739805546894,"stop":1739805547853,"duration":959}},{"uid":"cc0912cc5db928e7","reportUrl":"https://evgnick.github.io/JenkinsQA_2024_fall2/144//#testresult/cc0912cc5db928e7","status":"passed","time":{"start":1739794925736,"stop":1739794926389,"duration":653}},{"uid":"e2968ce91c0e8a45","reportUrl":"https://evgnick.github.io/JenkinsQA_2024_fall2/143//#testresult/e2968ce91c0e8a45","status":"passed","time":{"start":1739794743705,"stop":1739794744945,"duration":1240}},{"uid":"d404dd2675d3f537","reportUrl":"https://evgnick.github.io/JenkinsQA_2024_fall2/142//#testresult/d404dd2675d3f537","status":"passed","time":{"start":1739793965019,"stop":1739793965493,"duration":474}},{"uid":"9774c1009cac06d6","reportUrl":"https://evgnick.github.io/JenkinsQA_2024_fall2/141//#testresult/9774c1009cac06d6","status":"passed","time":{"start":1739784491047,"stop":1739784492177,"duration":1130}},{"uid":"eec0151dea8375e3","reportUrl":"https://evgnick.github.io/JenkinsQA_2024_fall2/140//#testresult/eec0151dea8375e3","status":"passed","time":{"start":1739624874003,"stop":1739624874748,"duration":745}},{"uid":"12d41066b8b50dd3","reportUrl":"https://evgnick.github.io/JenkinsQA_2024_fall2/139//#testresult/12d41066b8b50dd3","status":"passed","time":{"start":1739624545352,"stop":1739624545969,"duration":617}},{"uid":"dc4db326102fe68d","reportUrl":"https://evgnick.github.io/JenkinsQA_2024_fall2/138//#testresult/dc4db326102fe68d","status":"passed","time":{"start":1739623883115,"stop":1739623885412,"duration":2297}},{"uid":"53a7fb1ffdd66e6a","reportUrl":"https://evgnick.github.io/JenkinsQA_2024_fall2/137//#testresult/53a7fb1ffdd66e6a","status":"passed","time":{"start":1739620803826,"stop":1739620805010,"duration":1184}},{"uid":"f1ccff3e422527ec","reportUrl":"https://evgnick.github.io/JenkinsQA_2024_fall2/136//#testresult/f1ccff3e422527ec","status":"passed","time":{"start":1739575765014,"stop":1739575765811,"duration":797}},{"uid":"78490c857e33581f","reportUrl":"https://evgnick.github.io/JenkinsQA_2024_fall2/135//#testresult/78490c857e33581f","status":"passed","time":{"start":1739574999597,"stop":1739575000915,"duration":1318}},{"uid":"3fab9ed39f705606","reportUrl":"https://evgnick.github.io/JenkinsQA_2024_fall2/134//#testresult/3fab9ed39f705606","status":"passed","time":{"start":1739572469917,"stop":1739572471005,"duration":1088}},{"uid":"a5cb795ea083537f","reportUrl":"https://evgnick.github.io/JenkinsQA_2024_fall2/133//#testresult/a5cb795ea083537f","status":"passed","time":{"start":1739572182806,"stop":1739572183534,"duration":728}},{"uid":"7a1206d783ffed6e","reportUrl":"https://evgnick.github.io/JenkinsQA_2024_fall2/132//#testresult/7a1206d783ffed6e","status":"passed","time":{"start":1739571927096,"stop":1739571928391,"duration":1295}},{"uid":"8d0e7d6af3fbef74","reportUrl":"https://evgnick.github.io/JenkinsQA_2024_fall2/131//#testresult/8d0e7d6af3fbef74","status":"passed","time":{"start":1739571587159,"stop":1739571587768,"duration":609}},{"uid":"a6ab68e345a0cf08","reportUrl":"https://evgnick.github.io/JenkinsQA_2024_fall2/130//#testresult/a6ab68e345a0cf08","status":"passed","time":{"start":1739571361395,"stop":1739571362305,"duration":910}},{"uid":"617e18c194924229","reportUrl":"https://evgnick.github.io/JenkinsQA_2024_fall2/129//#testresult/617e18c194924229","status":"passed","time":{"start":1739571063105,"stop":1739571064228,"duration":1123}},{"uid":"3a2fb9f525d103ec","reportUrl":"https://evgnick.github.io/JenkinsQA_2024_fall2/128//#testresult/3a2fb9f525d103ec","status":"passed","time":{"start":1739570875668,"stop":1739570876244,"duration":576}},{"uid":"d8a84ae53309c07d","reportUrl":"https://evgnick.github.io/JenkinsQA_2024_fall2/127//#testresult/d8a84ae53309c07d","status":"passed","time":{"start":1739570426200,"stop":1739570426811,"duration":611}},{"uid":"b2bbb20619e69b0","reportUrl":"https://evgnick.github.io/JenkinsQA_2024_fall2/126//#testresult/b2bbb20619e69b0","status":"failed","statusDetails":"expected [Search Box] but found [Command Palette]","time":{"start":1739569600948,"stop":1739569602125,"duration":1177}}]},"tags":[]},"source":"78305127893879b0.json","parameterValues":[]}